This is pdfTeX, Version 3.14159265-2.6-1.40.20 (TeX Live 2019/W32TeX) (preloaded format=pdflatex 2020.3.18)  30 DEC 2020 23:18
entering extended mode
 restricted \write18 enabled.
 %&-line parsing enabled.
**mixture_regressions_variable_selection.tex
(./mixture_regressions_variable_selection.tex
LaTeX2e <2020-02-02> patch level 5
L3 programming layer <2020-02-25>
(c:/Users/CONS_LGA/AppData/Roaming/TinyTeX/texmf-dist/tex/latex/base/article.cl
s
Document Class: article 2019/12/20 v1.4l Standard LaTeX document class

(c:/Users/CONS_LGA/AppData/Roaming/TinyTeX/texmf-dist/tex/latex/base/size10.clo
File: size10.clo 2019/12/20 v1.4l Standard LaTeX file (size option)
)
\c@part=\count167
\c@section=\count168
\c@subsection=\count169
\c@subsubsection=\count170
\c@paragraph=\count171
\c@subparagraph=\count172
\c@figure=\count173
\c@table=\count174
\abovecaptionskip=\skip47
\belowcaptionskip=\skip48
\bibindent=\dimen134
) (c:/Users/CONS_LGA/AppData/Roaming/TinyTeX/texmf-dist/tex/latex/lm/lmodern.st
y
Package: lmodern 2009/10/30 v1.6 Latin Modern Fonts
LaTeX Font Info:    Overwriting symbol font `operators' in version `normal'
(Font)                  OT1/cmr/m/n --> OT1/lmr/m/n on input line 22.
LaTeX Font Info:    Overwriting symbol font `letters' in version `normal'
(Font)                  OML/cmm/m/it --> OML/lmm/m/it on input line 23.
LaTeX Font Info:    Overwriting symbol font `symbols' in version `normal'
(Font)                  OMS/cmsy/m/n --> OMS/lmsy/m/n on input line 24.
LaTeX Font Info:    Overwriting symbol font `largesymbols' in version `normal'
(Font)                  OMX/cmex/m/n --> OMX/lmex/m/n on input line 25.
LaTeX Font Info:    Overwriting symbol font `operators' in version `bold'
(Font)                  OT1/cmr/bx/n --> OT1/lmr/bx/n on input line 26.
LaTeX Font Info:    Overwriting symbol font `letters' in version `bold'
(Font)                  OML/cmm/b/it --> OML/lmm/b/it on input line 27.
LaTeX Font Info:    Overwriting symbol font `symbols' in version `bold'
(Font)                  OMS/cmsy/b/n --> OMS/lmsy/b/n on input line 28.
LaTeX Font Info:    Overwriting symbol font `largesymbols' in version `bold'
(Font)                  OMX/cmex/m/n --> OMX/lmex/m/n on input line 29.
LaTeX Font Info:    Overwriting math alphabet `\mathbf' in version `normal'
(Font)                  OT1/cmr/bx/n --> OT1/lmr/bx/n on input line 31.
LaTeX Font Info:    Overwriting math alphabet `\mathsf' in version `normal'
(Font)                  OT1/cmss/m/n --> OT1/lmss/m/n on input line 32.
LaTeX Font Info:    Overwriting math alphabet `\mathit' in version `normal'
(Font)                  OT1/cmr/m/it --> OT1/lmr/m/it on input line 33.
LaTeX Font Info:    Overwriting math alphabet `\mathtt' in version `normal'
(Font)                  OT1/cmtt/m/n --> OT1/lmtt/m/n on input line 34.
LaTeX Font Info:    Overwriting math alphabet `\mathbf' in version `bold'
(Font)                  OT1/cmr/bx/n --> OT1/lmr/bx/n on input line 35.
LaTeX Font Info:    Overwriting math alphabet `\mathsf' in version `bold'
(Font)                  OT1/cmss/bx/n --> OT1/lmss/bx/n on input line 36.
LaTeX Font Info:    Overwriting math alphabet `\mathit' in version `bold'
(Font)                  OT1/cmr/bx/it --> OT1/lmr/bx/it on input line 37.
LaTeX Font Info:    Overwriting math alphabet `\mathtt' in version `bold'
(Font)                  OT1/cmtt/m/n --> OT1/lmtt/m/n on input line 38.
)
(c:/Users/CONS_LGA/AppData/Roaming/TinyTeX/texmf-dist/tex/latex/amsfonts/amssym
b.sty
Package: amssymb 2013/01/14 v3.01 AMS font symbols

(c:/Users/CONS_LGA/AppData/Roaming/TinyTeX/texmf-dist/tex/latex/amsfonts/amsfon
ts.sty
Package: amsfonts 2013/01/14 v3.01 Basic AMSFonts support
\@emptytoks=\toks15
\symAMSa=\mathgroup4
\symAMSb=\mathgroup5
LaTeX Font Info:    Redeclaring math symbol \hbar on input line 98.
LaTeX Font Info:    Overwriting math alphabet `\mathfrak' in version `bold'
(Font)                  U/euf/m/n --> U/euf/b/n on input line 106.
))
(c:/Users/CONS_LGA/AppData/Roaming/TinyTeX/texmf-dist/tex/latex/amsmath/amsmath
.sty
Package: amsmath 2020/01/20 v2.17e AMS math features
\@mathmargin=\skip49
For additional information on amsmath, use the `?' option.

(c:/Users/CONS_LGA/AppData/Roaming/TinyTeX/texmf-dist/tex/latex/amsmath/amstext
.sty
Package: amstext 2000/06/29 v2.01 AMS text

(c:/Users/CONS_LGA/AppData/Roaming/TinyTeX/texmf-dist/tex/latex/amsmath/amsgen.
sty
File: amsgen.sty 1999/11/30 v2.0 generic functions
\@emptytoks=\toks16
\ex@=\dimen135
))
(c:/Users/CONS_LGA/AppData/Roaming/TinyTeX/texmf-dist/tex/latex/amsmath/amsbsy.
sty
Package: amsbsy 1999/11/29 v1.2d Bold Symbols
\pmbraise@=\dimen136
)
(c:/Users/CONS_LGA/AppData/Roaming/TinyTeX/texmf-dist/tex/latex/amsmath/amsopn.
sty
Package: amsopn 2016/03/08 v2.02 operator names
)
\inf@bad=\count175
LaTeX Info: Redefining \frac on input line 227.
\uproot@=\count176
\leftroot@=\count177
LaTeX Info: Redefining \overline on input line 389.
\classnum@=\count178
\DOTSCASE@=\count179
LaTeX Info: Redefining \ldots on input line 486.
LaTeX Info: Redefining \dots on input line 489.
LaTeX Info: Redefining \cdots on input line 610.
\Mathstrutbox@=\box45
\strutbox@=\box46
\big@size=\dimen137
LaTeX Font Info:    Redeclaring font encoding OML on input line 733.
LaTeX Font Info:    Redeclaring font encoding OMS on input line 734.
\macc@depth=\count180
\c@MaxMatrixCols=\count181
\dotsspace@=\muskip16
\c@parentequation=\count182
\dspbrk@lvl=\count183
\tag@help=\toks17
\row@=\count184
\column@=\count185
\maxfields@=\count186
\andhelp@=\toks18
\eqnshift@=\dimen138
\alignsep@=\dimen139
\tagshift@=\dimen140
\tagwidth@=\dimen141
\totwidth@=\dimen142
\lineht@=\dimen143
\@envbody=\toks19
\multlinegap=\skip50
\multlinetaggap=\skip51
\mathdisplay@stack=\toks20
LaTeX Info: Redefining \[ on input line 2859.
LaTeX Info: Redefining \] on input line 2860.
)
(c:/Users/CONS_LGA/AppData/Roaming/TinyTeX/texmf-dist/tex/generic/iftex/ifxetex
.sty
Package: ifxetex 2019/10/25 v0.7 ifxetex legacy package. Use iftex instead.

(c:/Users/CONS_LGA/AppData/Roaming/TinyTeX/texmf-dist/tex/generic/iftex/iftex.s
ty
Package: iftex 2019/11/07 v1.0c TeX engine tests
))
(c:/Users/CONS_LGA/AppData/Roaming/TinyTeX/texmf-dist/tex/generic/iftex/ifluate
x.sty
Package: ifluatex 2019/10/25 v1.5 ifluatex legacy package. Use iftex instead.
)
(c:/Users/CONS_LGA/AppData/Roaming/TinyTeX/texmf-dist/tex/latex/base/fontenc.st
y
Package: fontenc 2020/02/11 v2.0o Standard LaTeX package
LaTeX Font Info:    Trying to load font information for T1+lmr on input line 11
2.
(c:/Users/CONS_LGA/AppData/Roaming/TinyTeX/texmf-dist/tex/latex/lm/t1lmr.fd
File: t1lmr.fd 2009/10/30 v1.6 Font defs for Latin Modern
))
(c:/Users/CONS_LGA/AppData/Roaming/TinyTeX/texmf-dist/tex/latex/base/inputenc.s
ty
Package: inputenc 2018/08/11 v1.3c Input encoding file
\inpenc@prehook=\toks21
\inpenc@posthook=\toks22
)
(c:/Users/CONS_LGA/AppData/Roaming/TinyTeX/texmf-dist/tex/latex/base/textcomp.s
ty
Package: textcomp 2020/02/02 v2.0n Standard LaTeX package
)
(c:/Users/CONS_LGA/AppData/Roaming/TinyTeX/texmf-dist/tex/latex/upquote/upquote
.sty
Package: upquote 2012/04/19 v1.3 upright-quote and grave-accent glyphs in verba
tim
)
(c:/Users/CONS_LGA/AppData/Roaming/TinyTeX/texmf-dist/tex/latex/xcolor/xcolor.s
ty
Package: xcolor 2016/05/11 v2.12 LaTeX color extensions (UK)

(c:/Users/CONS_LGA/AppData/Roaming/TinyTeX/texmf-dist/tex/latex/graphics-cfg/co
lor.cfg
File: color.cfg 2016/01/02 v1.6 sample color configuration
)
Package xcolor Info: Driver file: pdftex.def on input line 225.

(c:/Users/CONS_LGA/AppData/Roaming/TinyTeX/texmf-dist/tex/latex/graphics-def/pd
ftex.def
File: pdftex.def 2018/01/08 v1.0l Graphics/color driver for pdftex
)
Package xcolor Info: Model `cmy' substituted by `cmy0' on input line 1348.
Package xcolor Info: Model `hsb' substituted by `rgb' on input line 1352.
Package xcolor Info: Model `RGB' extended on input line 1364.
Package xcolor Info: Model `HTML' substituted by `rgb' on input line 1366.
Package xcolor Info: Model `Hsb' substituted by `hsb' on input line 1367.
Package xcolor Info: Model `tHsb' substituted by `hsb' on input line 1368.
Package xcolor Info: Model `HSB' substituted by `hsb' on input line 1369.
Package xcolor Info: Model `Gray' substituted by `gray' on input line 1370.
Package xcolor Info: Model `wave' substituted by `hsb' on input line 1371.

(c:/Users/CONS_LGA/AppData/Roaming/TinyTeX/texmf-dist/tex/latex/graphics/dvipsn
am.def
File: dvipsnam.def 2016/06/17 v3.0m Driver-dependent file (DPC,SPQR)
)
(c:/Users/CONS_LGA/AppData/Roaming/TinyTeX/texmf-dist/tex/latex/xcolor/svgnam.d
ef
File: svgnam.def 2016/05/11 v2.12 Predefined colors according to SVG 1.1 (UK)
)
(c:/Users/CONS_LGA/AppData/Roaming/TinyTeX/texmf-dist/tex/latex/xcolor/x11nam.d
ef
File: x11nam.def 2016/05/11 v2.12 Predefined colors according to Unix/X11 (UK)
))
(c:/Users/CONS_LGA/AppData/Roaming/TinyTeX/texmf-dist/tex/latex/oberdiek/bookma
rk.sty
Package: bookmark 2019/06/04 v1.27 PDF bookmarks (HO)

(c:/Users/CONS_LGA/AppData/Roaming/TinyTeX/texmf-dist/tex/generic/oberdiek/pdfe
scape.sty
Package: pdfescape 2016/05/16 v1.14 Implements pdfTeX's escape features (HO)

(c:/Users/CONS_LGA/AppData/Roaming/TinyTeX/texmf-dist/tex/generic/ltxcmds/ltxcm
ds.sty
Package: ltxcmds 2019/12/15 v1.24 LaTeX kernel commands for general use (HO)
)
(c:/Users/CONS_LGA/AppData/Roaming/TinyTeX/texmf-dist/tex/latex/pdftexcmds/pdft
excmds.sty
Package: pdftexcmds 2019/11/24 v0.31 Utility functions of pdfTeX for LuaTeX (HO
)

(c:/Users/CONS_LGA/AppData/Roaming/TinyTeX/texmf-dist/tex/generic/infwarerr/inf
warerr.sty
Package: infwarerr 2019/12/03 v1.5 Providing info/warning/error messages (HO)
)
Package pdftexcmds Info: \pdf@primitive is available.
Package pdftexcmds Info: \pdf@ifprimitive is available.
Package pdftexcmds Info: \pdfdraftmode found.
))
(c:/Users/CONS_LGA/AppData/Roaming/TinyTeX/texmf-dist/tex/generic/iftex/ifpdf.s
ty
Package: ifpdf 2019/10/25 v3.4 ifpdf legacy package. Use iftex instead.
)
(c:/Users/CONS_LGA/AppData/Roaming/TinyTeX/texmf-dist/tex/generic/iftex/ifvtex.
sty
Package: ifvtex 2019/10/25 v1.7 ifvtex legacy package. Use iftex instead.
)
(c:/Users/CONS_LGA/AppData/Roaming/TinyTeX/texmf-dist/tex/latex/hyperref/hyperr
ef.sty
Package: hyperref 2020/01/14 v7.00d Hypertext links for LaTeX

(c:/Users/CONS_LGA/AppData/Roaming/TinyTeX/texmf-dist/tex/latex/graphics/keyval
.sty
Package: keyval 2014/10/28 v1.15 key=value parser (DPC)
\KV@toks@=\toks23
)
(c:/Users/CONS_LGA/AppData/Roaming/TinyTeX/texmf-dist/tex/generic/kvsetkeys/kvs
etkeys.sty
Package: kvsetkeys 2019/12/15 v1.18 Key value parser (HO)
)
(c:/Users/CONS_LGA/AppData/Roaming/TinyTeX/texmf-dist/tex/generic/kvdefinekeys/
kvdefinekeys.sty
Package: kvdefinekeys 2019-12-19 v1.6 Define keys (HO)
)
(c:/Users/CONS_LGA/AppData/Roaming/TinyTeX/texmf-dist/tex/latex/hycolor/hycolor
.sty
Package: hycolor 2020-01-27 v1.10 Color options for hyperref/bookmark (HO)
)
(c:/Users/CONS_LGA/AppData/Roaming/TinyTeX/texmf-dist/tex/latex/letltxmacro/let
ltxmacro.sty
Package: letltxmacro 2019/12/03 v1.6 Let assignment for LaTeX macros (HO)
)
(c:/Users/CONS_LGA/AppData/Roaming/TinyTeX/texmf-dist/tex/latex/auxhook/auxhook
.sty
Package: auxhook 2019-12-17 v1.6 Hooks for auxiliary files (HO)
)
(c:/Users/CONS_LGA/AppData/Roaming/TinyTeX/texmf-dist/tex/latex/kvoptions/kvopt
ions.sty
Package: kvoptions 2019/11/29 v3.13 Key value format for package options (HO)
)
\@linkdim=\dimen144
\Hy@linkcounter=\count187
\Hy@pagecounter=\count188

(c:/Users/CONS_LGA/AppData/Roaming/TinyTeX/texmf-dist/tex/latex/hyperref/pd1enc
.def
File: pd1enc.def 2020/01/14 v7.00d Hyperref: PDFDocEncoding definition (HO)
Now handling font encoding PD1 ...
... no UTF-8 mapping file for font encoding PD1
)
(c:/Users/CONS_LGA/AppData/Roaming/TinyTeX/texmf-dist/tex/generic/intcalc/intca
lc.sty
Package: intcalc 2019/12/15 v1.3 Expandable calculations with integers (HO)
)
(c:/Users/CONS_LGA/AppData/Roaming/TinyTeX/texmf-dist/tex/generic/etexcmds/etex
cmds.sty
Package: etexcmds 2019/12/15 v1.7 Avoid name clashes with e-TeX commands (HO)
)
\Hy@SavedSpaceFactor=\count189
\pdfmajorversion=\count190

(c:/Users/CONS_LGA/AppData/Roaming/TinyTeX/texmf-dist/tex/latex/latexconfig/hyp
erref.cfg
File: hyperref.cfg 2002/06/06 v1.2 hyperref configuration of TeXLive
)
Package hyperref Info: Option `unicode' set `true' on input line 4421.

(c:/Users/CONS_LGA/AppData/Roaming/TinyTeX/texmf-dist/tex/latex/hyperref/puenc.
def
File: puenc.def 2020/01/14 v7.00d Hyperref: PDF Unicode definition (HO)
Now handling font encoding PU ...
... no UTF-8 mapping file for font encoding PU
)
Package hyperref Info: Hyper figures OFF on input line 4547.
Package hyperref Info: Link nesting OFF on input line 4552.
Package hyperref Info: Hyper index ON on input line 4555.
Package hyperref Info: Plain pages OFF on input line 4562.
Package hyperref Info: Backreferencing OFF on input line 4567.
Package hyperref Info: Implicit mode ON; LaTeX internals redefined.
Package hyperref Info: Bookmarks ON on input line 4800.
\c@Hy@tempcnt=\count191
(c:/Users/CONS_LGA/AppData/Roaming/TinyTeX/texmf-dist/tex/latex/url/url.sty
\Urlmuskip=\muskip17
Package: url 2013/09/16  ver 3.4  Verb mode for urls, etc.
)
LaTeX Info: Redefining \url on input line 5159.
\XeTeXLinkMargin=\dimen145

(c:/Users/CONS_LGA/AppData/Roaming/TinyTeX/texmf-dist/tex/generic/bitset/bitset
.sty
Package: bitset 2019/12/09 v1.3 Handle bit-vector datatype (HO)

(c:/Users/CONS_LGA/AppData/Roaming/TinyTeX/texmf-dist/tex/generic/bigintcalc/bi
gintcalc.sty
Package: bigintcalc 2019/12/15 v1.5 Expandable calculations on big integers (HO
)
))
\Fld@menulength=\count192
\Field@Width=\dimen146
\Fld@charsize=\dimen147
Package hyperref Info: Hyper figures OFF on input line 6430.
Package hyperref Info: Link nesting OFF on input line 6435.
Package hyperref Info: Hyper index ON on input line 6438.
Package hyperref Info: backreferencing OFF on input line 6445.
Package hyperref Info: Link coloring OFF on input line 6450.
Package hyperref Info: Link coloring with OCG OFF on input line 6455.
Package hyperref Info: PDF/A mode OFF on input line 6460.
LaTeX Info: Redefining \ref on input line 6500.
LaTeX Info: Redefining \pageref on input line 6504.

(c:/Users/CONS_LGA/AppData/Roaming/TinyTeX/texmf-dist/tex/generic/atbegshi/atbe
gshi.sty
Package: atbegshi 2019/12/05 v1.19 At begin shipout hook (HO)
)
\Hy@abspage=\count193
\c@Item=\count194
\c@Hfootnote=\count195
)
Package hyperref Info: Driver (autodetected): hpdftex.

(c:/Users/CONS_LGA/AppData/Roaming/TinyTeX/texmf-dist/tex/latex/hyperref/hpdfte
x.def
File: hpdftex.def 2020/01/14 v7.00d Hyperref driver for pdfTeX

(c:/Users/CONS_LGA/AppData/Roaming/TinyTeX/texmf-dist/tex/latex/atveryend/atver
yend.sty
Package: atveryend 2019-12-11 v1.11 Hooks at the very end of document (HO)
Package atveryend Info: \enddocument detected (standard20110627).
)
\Fld@listcount=\count196
\c@bookmark@seq@number=\count197

(c:/Users/CONS_LGA/AppData/Roaming/TinyTeX/texmf-dist/tex/latex/oberdiek/rerunf
ilecheck.sty
Package: rerunfilecheck 2016/05/16 v1.8 Rerun checks for auxiliary files (HO)

(c:/Users/CONS_LGA/AppData/Roaming/TinyTeX/texmf-dist/tex/generic/oberdiek/uniq
uecounter.sty
Package: uniquecounter 2016/05/16 v1.3 Provide unlimited unique counter (HO)
)
Package uniquecounter Info: New unique counter `rerunfilecheck' on input line 2
82.
)
\Hy@SectionHShift=\skip52
)
(c:/Users/CONS_LGA/AppData/Roaming/TinyTeX/texmf-dist/tex/latex/oberdiek/bkm-pd
ftex.def
File: bkm-pdftex.def 2019/06/04 v1.27 bookmark driver for pdfTeX (HO)
\BKM@id=\count198
))
Package hyperref Info: Option `colorlinks' set `true' on input line 48.

(c:/Users/CONS_LGA/AppData/Roaming/TinyTeX/texmf-dist/tex/latex/geometry/geomet
ry.sty
Package: geometry 2020/01/02 v5.9 Page Geometry
\Gm@cnth=\count199
\Gm@cntv=\count266
\c@Gm@tempcnt=\count267
\Gm@bindingoffset=\dimen148
\Gm@wd@mp=\dimen149
\Gm@odd@mp=\dimen150
\Gm@even@mp=\dimen151
\Gm@layoutwidth=\dimen152
\Gm@layoutheight=\dimen153
\Gm@layouthoffset=\dimen154
\Gm@layoutvoffset=\dimen155
\Gm@dimlist=\toks24
)
(c:/Users/CONS_LGA/AppData/Roaming/TinyTeX/texmf-dist/tex/latex/graphics/graphi
cx.sty
Package: graphicx 2019/11/30 v1.2a Enhanced LaTeX Graphics (DPC,SPQR)

(c:/Users/CONS_LGA/AppData/Roaming/TinyTeX/texmf-dist/tex/latex/graphics/graphi
cs.sty
Package: graphics 2019/11/30 v1.4a Standard LaTeX Graphics (DPC,SPQR)

(c:/Users/CONS_LGA/AppData/Roaming/TinyTeX/texmf-dist/tex/latex/graphics/trig.s
ty
Package: trig 2016/01/03 v1.10 sin cos tan (DPC)
)
(c:/Users/CONS_LGA/AppData/Roaming/TinyTeX/texmf-dist/tex/latex/graphics-cfg/gr
aphics.cfg
File: graphics.cfg 2016/06/04 v1.11 sample graphics configuration
)
Package graphics Info: Driver file: pdftex.def on input line 105.
)
\Gin@req@height=\dimen156
\Gin@req@width=\dimen157
)
(c:/Users/CONS_LGA/AppData/Roaming/TinyTeX/texmf-dist/tex/latex/grffile/grffile
.sty
Package: grffile 2019/11/11 v2.1 Extended file name support for graphics (legac
y)
Package grffile Info: This package is an empty stub for compatibility on input 
line 40.
)
(c:/Users/CONS_LGA/AppData/Roaming/TinyTeX/texmf-dist/tex/latex/setspace/setspa
ce.sty
Package: setspace 2011/12/19 v6.7a set line spacing
)
(c:/Users/CONS_LGA/AppData/Roaming/TinyTeX/texmf-dist/tex/latex/makecell/makece
ll.sty
Package: makecell 2009/08/03 V0.1e Managing of Tab Column Heads and Cells

(c:/Users/CONS_LGA/AppData/Roaming/TinyTeX/texmf-dist/tex/latex/tools/array.sty
Package: array 2019/08/31 v2.4l Tabular extension package (FMi)
\col@sep=\dimen158
\ar@mcellbox=\box47
\extrarowheight=\dimen159
\NC@list=\toks25
\extratabsurround=\skip53
\backup@length=\skip54
\ar@cellbox=\box48
)
\rotheadsize=\dimen160
\c@nlinenum=\count268
\TeXr@lab=\toks26
)
(c:/Users/CONS_LGA/AppData/Roaming/TinyTeX/texmf-dist/tex/latex/floatrow/floatr
ow.sty
Package: floatrow 2008/08/02 v0.3b floatrow: float package extension

(c:/Users/CONS_LGA/AppData/Roaming/TinyTeX/texmf-dist/tex/latex/caption/caption
3.sty
Package: caption3 2020/01/03 v1.8h caption3 kernel (AR)
Package caption3 Info: TeX engine: e-TeX on input line 61.
\captionmargin=\dimen161
\captionmargin@=\dimen162
\captionwidth=\dimen163
\caption@tempdima=\dimen164
\caption@indent=\dimen165
\caption@parindent=\dimen166
\caption@hangindent=\dimen167
Package caption Info: Standard document class detected.
)
\c@float@type=\count269
\float@exts=\toks27
\float@box=\box49
\@floatcapt=\box50
Package floatrow Info: Modified float package code loaded on input line 455.
Package floatrow Info: Modified rotfloat package code loaded on input line 473.

\FR@everyfloat=\toks28
\flrow@foot=\insert252
\FB@wd=\dimen168
\FBo@wd=\dimen169
\FBc@wd=\dimen170
\FBo@ht=\skip55
\FBc@ht=\skip56
\FBf@ht=\skip57
\FBo@max=\skip58
\FBc@max=\skip59
\FBf@max=\skip60
\c@FBl@b=\count270
\floatbox@depth=\count271
\c@FRobj=\count272
\c@FRsobj=\count273
\Xhsize=\skip61
\sXhsize=\skip62
\Zhsize=\skip63
\sZhsize=\skip64
\flrow@rowbox=\box51
\FR@Zunitlength=\dimen171
\c@FBcnt=\count274
\FPOScnt=\count275
\LTleft=\skip65
\LTright=\skip66
\LTleft=\skip67
\LTright=\skip68
\flrow@types=\toks29
)
(c:/Users/CONS_LGA/AppData/Roaming/TinyTeX/texmf-dist/tex/latex/l3backend/l3bac
kend-pdfmode.def
File: l3backend-pdfmode.def 2020-02-23 L3 backend support: PDF mode
\l__kernel_color_stack_int=\count276
\l__pdf_internal_box=\box52
)

LaTeX Warning: Unused global option(s):
    [20pt].

(./mixture_regressions_variable_selection.aux)
\openout1 = `mixture_regressions_variable_selection.aux'.

LaTeX Font Info:    Checking defaults for OML/cmm/m/it on input line 81.
LaTeX Font Info:    ... okay on input line 81.
LaTeX Font Info:    Checking defaults for OMS/cmsy/m/n on input line 81.
LaTeX Font Info:    ... okay on input line 81.
LaTeX Font Info:    Checking defaults for OT1/cmr/m/n on input line 81.
LaTeX Font Info:    ... okay on input line 81.
LaTeX Font Info:    Checking defaults for T1/cmr/m/n on input line 81.
LaTeX Font Info:    ... okay on input line 81.
LaTeX Font Info:    Checking defaults for TS1/cmr/m/n on input line 81.
LaTeX Font Info:    ... okay on input line 81.
LaTeX Font Info:    Checking defaults for OMX/cmex/m/n on input line 81.
LaTeX Font Info:    ... okay on input line 81.
LaTeX Font Info:    Checking defaults for U/cmr/m/n on input line 81.
LaTeX Font Info:    ... okay on input line 81.
LaTeX Font Info:    Checking defaults for PD1/pdf/m/n on input line 81.
LaTeX Font Info:    ... okay on input line 81.
LaTeX Font Info:    Checking defaults for PU/pdf/m/n on input line 81.
LaTeX Font Info:    ... okay on input line 81.

(c:/Users/CONS_LGA/AppData/Roaming/TinyTeX/texmf-dist/tex/latex/oberdiek/epstop
df-base.sty
Package: epstopdf-base 2016/05/15 v2.6 Base part for package epstopdf

(c:/Users/CONS_LGA/AppData/Roaming/TinyTeX/texmf-dist/tex/latex/grfext/grfext.s
ty
Package: grfext 2019/12/03 v1.3 Manage graphics extensions (HO)
)
Package epstopdf-base Info: Redefining graphics rule for `.eps' on input line 4
38.
Package grfext Info: Graphics extension search list:
(grfext)             [.pdf,.png,.jpg,.mps,.jpeg,.jbig2,.jb2,.PDF,.PNG,.JPG,.JPE
G,.JBIG2,.JB2,.eps]
(grfext)             \AppendGraphicsExtensions on input line 456.

(c:/Users/CONS_LGA/AppData/Roaming/TinyTeX/texmf-dist/tex/latex/latexconfig/eps
topdf-sys.cfg
File: epstopdf-sys.cfg 2010/07/13 v1.3 Configuration of (r)epstopdf for TeX Liv
e
))
\AtBeginShipoutBox=\box53
Package hyperref Info: Link coloring ON on input line 81.

(c:/Users/CONS_LGA/AppData/Roaming/TinyTeX/texmf-dist/tex/latex/hyperref/namere
f.sty
Package: nameref 2019/09/16 v2.46 Cross-referencing by name of section

(c:/Users/CONS_LGA/AppData/Roaming/TinyTeX/texmf-dist/tex/latex/oberdiek/refcou
nt.sty
Package: refcount 2016/05/16 v3.5 Data extraction from label references (HO)
)
(c:/Users/CONS_LGA/AppData/Roaming/TinyTeX/texmf-dist/tex/generic/gettitlestrin
g/gettitlestring.sty
Package: gettitlestring 2019/12/15 v1.6 Cleanup title references (HO)
)
\c@section@level=\count277
)
LaTeX Info: Redefining \ref on input line 81.
LaTeX Info: Redefining \pageref on input line 81.
LaTeX Info: Redefining \nameref on input line 81.
*geometry* driver: auto-detecting
*geometry* detected driver: pdftex
*geometry* verbose mode - [ preamble ] result:
* driver: pdftex
* paper: <default>
* layout: <same size as paper>
* layoutoffset:(h,v)=(0.0pt,0.0pt)
* modes: 
* h-part:(L,W,R)=(72.26999pt, 469.75502pt, 72.26999pt)
* v-part:(T,H,B)=(72.26999pt, 650.43001pt, 72.26999pt)
* \paperwidth=614.295pt
* \paperheight=794.96999pt
* \textwidth=469.75502pt
* \textheight=650.43001pt
* \oddsidemargin=0.0pt
* \evensidemargin=0.0pt
* \topmargin=-37.0pt
* \headheight=12.0pt
* \headsep=25.0pt
* \topskip=10.0pt
* \footskip=30.0pt
* \marginparwidth=65.0pt
* \marginparsep=11.0pt
* \columnsep=10.0pt
* \skip\footins=9.0pt plus 4.0pt minus 2.0pt
* \hoffset=0.0pt
* \voffset=0.0pt
* \mag=1000
* \@twocolumnfalse
* \@twosidefalse
* \@mparswitchfalse
* \@reversemarginfalse
* (1in=72.27pt=25.4mm, 1cm=28.453pt)

Package caption Info: Begin \AtBeginDocument code.
Package caption Info: End \AtBeginDocument code.
LaTeX Font Info:    Trying to load font information for OT1+lmr on input line 8
3.
(c:/Users/CONS_LGA/AppData/Roaming/TinyTeX/texmf-dist/tex/latex/lm/ot1lmr.fd
File: ot1lmr.fd 2009/10/30 v1.6 Font defs for Latin Modern
)
LaTeX Font Info:    Trying to load font information for OML+lmm on input line 8
3.
(c:/Users/CONS_LGA/AppData/Roaming/TinyTeX/texmf-dist/tex/latex/lm/omllmm.fd
File: omllmm.fd 2009/10/30 v1.6 Font defs for Latin Modern
)
LaTeX Font Info:    Trying to load font information for OMS+lmsy on input line 
83.
(c:/Users/CONS_LGA/AppData/Roaming/TinyTeX/texmf-dist/tex/latex/lm/omslmsy.fd
File: omslmsy.fd 2009/10/30 v1.6 Font defs for Latin Modern
)
LaTeX Font Info:    Trying to load font information for OMX+lmex on input line 
83.
(c:/Users/CONS_LGA/AppData/Roaming/TinyTeX/texmf-dist/tex/latex/lm/omxlmex.fd
File: omxlmex.fd 2009/10/30 v1.6 Font defs for Latin Modern
)
LaTeX Font Info:    External font `lmex10' loaded for size
(Font)              <12> on input line 83.
LaTeX Font Info:    External font `lmex10' loaded for size
(Font)              <8> on input line 83.
LaTeX Font Info:    External font `lmex10' loaded for size
(Font)              <6> on input line 83.
LaTeX Font Info:    Trying to load font information for U+msa on input line 83.


(c:/Users/CONS_LGA/AppData/Roaming/TinyTeX/texmf-dist/tex/latex/amsfonts/umsa.f
d
File: umsa.fd 2013/01/14 v3.01 AMS symbols A
)
LaTeX Font Info:    Trying to load font information for U+msb on input line 83.


(c:/Users/CONS_LGA/AppData/Roaming/TinyTeX/texmf-dist/tex/latex/amsfonts/umsb.f
d
File: umsb.fd 2013/01/14 v3.01 AMS symbols B
) (./mixture_regressions_variable_selection.toc)
\tf@toc=\write3
\openout3 = `mixture_regressions_variable_selection.toc'.

[1

{c:/Users/CONS_LGA/AppData/Roaming/TinyTeX/texmf-var/fonts/map/pdftex/updmap/pd
ftex.map}]
LaTeX Font Info:    External font `lmex10' loaded for size
(Font)              <10> on input line 102.
LaTeX Font Info:    External font `lmex10' loaded for size
(Font)              <7> on input line 102.
LaTeX Font Info:    External font `lmex10' loaded for size
(Font)              <5> on input line 102.
<mixture_regressions_variable_selection_files/figure-latex/unnamed-chunk-1-1.pd
f, id=17, 578.16pt x 924.45375pt>
File: mixture_regressions_variable_selection_files/figure-latex/unnamed-chunk-1
-1.pdf Graphic file (type pdf)
<use mixture_regressions_variable_selection_files/figure-latex/unnamed-chunk-1-
1.pdf>
Package pdftex.def Info: mixture_regressions_variable_selection_files/figure-la
tex/unnamed-chunk-1-1.pdf  used on input line 122.
(pdftex.def)             Requested size: 406.78241pt x 650.42813pt.
[2]
Overfull \vbox (18.8313pt too high) has occurred while \output is active []

[3 <./mixture_regressions_variable_selection_files/figure-latex/unnamed-chunk-1
-1.pdf>]
<mixture_regressions_variable_selection_files/figure-latex/unnamed-chunk-2-1.pd
f, id=43, 578.16pt x 924.45375pt>
File: mixture_regressions_variable_selection_files/figure-latex/unnamed-chunk-2
-1.pdf Graphic file (type pdf)
<use mixture_regressions_variable_selection_files/figure-latex/unnamed-chunk-2-
1.pdf>
Package pdftex.def Info: mixture_regressions_variable_selection_files/figure-la
tex/unnamed-chunk-2-1.pdf  used on input line 129.
(pdftex.def)             Requested size: 406.78241pt x 650.42813pt.

Overfull \vbox (18.8313pt too high) has occurred while \output is active []

[4 <./mixture_regressions_variable_selection_files/figure-latex/unnamed-chunk-2
-1.pdf>]
<mixture_regressions_variable_selection_files/figure-latex/unnamed-chunk-3-1.pd
f, id=55, 578.16pt x 924.45375pt>
File: mixture_regressions_variable_selection_files/figure-latex/unnamed-chunk-3
-1.pdf Graphic file (type pdf)
<use mixture_regressions_variable_selection_files/figure-latex/unnamed-chunk-3-
1.pdf>
Package pdftex.def Info: mixture_regressions_variable_selection_files/figure-la
tex/unnamed-chunk-3-1.pdf  used on input line 136.
(pdftex.def)             Requested size: 406.78241pt x 650.42813pt.

Overfull \vbox (18.8313pt too high) has occurred while \output is active []

[5 <./mixture_regressions_variable_selection_files/figure-latex/unnamed-chunk-3
-1.pdf>]
<mixture_regressions_variable_selection_files/figure-latex/unnamed-chunk-4-1.pd
f, id=67, 578.16pt x 924.45375pt>
File: mixture_regressions_variable_selection_files/figure-latex/unnamed-chunk-4
-1.pdf Graphic file (type pdf)
<use mixture_regressions_variable_selection_files/figure-latex/unnamed-chunk-4-
1.pdf>
Package pdftex.def Info: mixture_regressions_variable_selection_files/figure-la
tex/unnamed-chunk-4-1.pdf  used on input line 143.
(pdftex.def)             Requested size: 406.78241pt x 650.42813pt.

Overfull \vbox (18.8313pt too high) has occurred while \output is active []

[6 <./mixture_regressions_variable_selection_files/figure-latex/unnamed-chunk-4
-1.pdf>] [7] [8]
Package atveryend Info: Empty hook `BeforeClearDocument' on input line 258.
[9]
Package atveryend Info: Empty hook `AfterLastShipout' on input line 258.
(./mixture_regressions_variable_selection.aux)
Package atveryend Info: Executing hook `AtVeryEndDocument' on input line 258.
Package atveryend Info: Empty hook `AtEndAfterFileList' on input line 258.
Package atveryend Info: Empty hook `AtVeryVeryEnd' on input line 258.
 ) 
Here is how much of TeX's memory you used:
 12215 strings out of 482913
 181499 string characters out of 5957399
 443589 words of memory out of 5000000
 27243 multiletter control sequences out of 15000+600000
 574625 words of font info for 61 fonts, out of 8000000 for 9000
 14 hyphenation exceptions out of 8191
 42i,8n,42p,373b,331s stack positions out of 5000i,500n,10000p,200000b,80000s
{c:/Users/CONS_LGA/AppData/Roaming/TinyTeX/texmf-dist/fonts/enc/dvips/lm/lm-m
athsy.enc}{c:/Users/CONS_LGA/AppData/Roaming/TinyTeX/texmf-dist/fonts/enc/dvips
/lm/lm-mathit.enc}{c:/Users/CONS_LGA/AppData/Roaming/TinyTeX/texmf-dist/fonts/e
nc/dvips/lm/lm-rm.enc}{c:/Users/CONS_LGA/AppData/Roaming/TinyTeX/texmf-dist/fon
ts/enc/dvips/lm/lm-mathex.enc}{c:/Users/CONS_LGA/AppData/Roaming/TinyTeX/texmf-
dist/fonts/enc/dvips/lm/lm-ec.enc}<c:/Users/CONS_LGA/AppData/Roaming/TinyTeX/te
xmf-dist/fonts/type1/public/lm/lmbx10.pfb><c:/Users/CONS_LGA/AppData/Roaming/Ti
nyTeX/texmf-dist/fonts/type1/public/lm/lmbx12.pfb><c:/Users/CONS_LGA/AppData/Ro
aming/TinyTeX/texmf-dist/fonts/type1/public/lm/lmex10.pfb><c:/Users/CONS_LGA/Ap
pData/Roaming/TinyTeX/texmf-dist/fonts/type1/public/lm/lmmi10.pfb><c:/Users/CON
S_LGA/AppData/Roaming/TinyTeX/texmf-dist/fonts/type1/public/lm/lmmi5.pfb><c:/Us
ers/CONS_LGA/AppData/Roaming/TinyTeX/texmf-dist/fonts/type1/public/lm/lmmi7.pfb
><c:/Users/CONS_LGA/AppData/Roaming/TinyTeX/texmf-dist/fonts/type1/public/lm/lm
r10.pfb><c:/Users/CONS_LGA/AppData/Roaming/TinyTeX/texmf-dist/fonts/type1/publi
c/lm/lmr12.pfb><c:/Users/CONS_LGA/AppData/Roaming/TinyTeX/texmf-dist/fonts/type
1/public/lm/lmr17.pfb><c:/Users/CONS_LGA/AppData/Roaming/TinyTeX/texmf-dist/fon
ts/type1/public/lm/lmr5.pfb><c:/Users/CONS_LGA/AppData/Roaming/TinyTeX/texmf-di
st/fonts/type1/public/lm/lmr7.pfb><c:/Users/CONS_LGA/AppData/Roaming/TinyTeX/te
xmf-dist/fonts/type1/public/lm/lmsy10.pfb><c:/Users/CONS_LGA/AppData/Roaming/Ti
nyTeX/texmf-dist/fonts/type1/public/lm/lmsy7.pfb>
Output written on mixture_regressions_variable_selection.pdf (9 pages, 647803 b
ytes).
PDF statistics:
 177 PDF objects out of 1000 (max. 8388607)
 143 compressed objects within 2 object streams
 34 named destinations out of 1000 (max. 500000)
 29 words of extra memory for PDF output out of 10000 (max. 10000000)

